{"/Users/axdg/Desktop/dsfm/test.js":{"path":"/Users/axdg/Desktop/dsfm/test.js","s":{"1":1,"2":1,"3":1,"4":1,"5":1,"6":1,"7":1,"8":1,"9":1,"10":1,"11":1,"12":1,"13":1,"14":1,"15":1,"16":1,"17":1,"18":1,"19":1,"20":1,"21":1,"22":1,"23":1,"24":1,"25":1,"26":1,"27":1,"28":1,"29":1,"30":1,"31":1,"32":1,"33":1,"34":1,"35":1,"36":1,"37":1,"38":1,"39":1,"40":1,"41":1,"42":1,"43":1,"44":1,"45":1,"46":1,"47":1,"48":1,"49":1,"50":1,"51":1,"52":1,"53":1,"54":1,"55":1,"56":1,"57":1,"58":1,"59":1,"60":1,"61":1,"62":1,"63":1,"64":1,"65":1,"66":1,"67":1,"68":1,"69":1,"70":1,"71":1,"72":1,"73":1,"74":1,"75":1,"76":1,"77":1,"78":1,"79":1,"80":1,"81":1,"82":1,"83":1,"84":1,"85":1,"86":1,"87":1,"88":1,"89":1,"90":1,"91":1,"92":1,"93":1,"94":1,"95":1,"96":1,"97":1,"98":1,"99":1,"100":1,"101":1,"102":1,"103":1,"104":1,"105":1,"106":1,"107":1,"108":1,"109":1,"110":1,"111":1,"112":1,"113":1,"114":1,"115":1,"116":1,"117":1,"118":1,"119":1,"120":1,"121":1,"122":1,"123":1},"b":{},"f":{"1":1,"2":1,"3":1,"4":1,"5":1,"6":1,"7":1,"8":1,"9":1,"10":1,"11":1,"12":1,"13":1,"14":1,"15":1,"16":1,"17":1,"18":1,"19":1,"20":1,"21":1,"22":1,"23":1,"24":1,"25":1,"26":1,"27":1,"28":1,"29":1,"30":1,"31":1,"32":1,"33":1,"34":1,"35":1,"36":1,"37":1,"38":1,"39":1,"40":1,"41":1,"42":1},"fnMap":{"1":{"name":"(anonymous_1)","line":5,"loc":{"start":{"line":5,"column":17},"end":{"line":5,"column":28}}},"2":{"name":"(anonymous_2)","line":6,"loc":{"start":{"line":6,"column":24},"end":{"line":6,"column":35}}},"3":{"name":"(anonymous_3)","line":7,"loc":{"start":{"line":7,"column":45},"end":{"line":7,"column":56}}},"4":{"name":"(anonymous_4)","line":10,"loc":{"start":{"line":10,"column":43},"end":{"line":10,"column":54}}},"5":{"name":"(anonymous_5)","line":13,"loc":{"start":{"line":13,"column":45},"end":{"line":13,"column":56}}},"6":{"name":"(anonymous_6)","line":14,"loc":{"start":{"line":14,"column":40},"end":{"line":14,"column":55}}},"7":{"name":"(anonymous_7)","line":20,"loc":{"start":{"line":20,"column":49},"end":{"line":20,"column":64}}},"8":{"name":"(anonymous_8)","line":27,"loc":{"start":{"line":27,"column":52},"end":{"line":27,"column":63}}},"9":{"name":"(anonymous_9)","line":33,"loc":{"start":{"line":33,"column":46},"end":{"line":33,"column":57}}},"10":{"name":"(anonymous_10)","line":34,"loc":{"start":{"line":34,"column":20},"end":{"line":34,"column":31}}},"11":{"name":"(anonymous_11)","line":36,"loc":{"start":{"line":36,"column":42},"end":{"line":36,"column":53}}},"12":{"name":"(anonymous_12)","line":37,"loc":{"start":{"line":37,"column":20},"end":{"line":37,"column":31}}},"13":{"name":"(anonymous_13)","line":46,"loc":{"start":{"line":46,"column":22},"end":{"line":46,"column":33}}},"14":{"name":"(anonymous_14)","line":47,"loc":{"start":{"line":47,"column":44},"end":{"line":47,"column":55}}},"15":{"name":"(anonymous_15)","line":55,"loc":{"start":{"line":55,"column":53},"end":{"line":55,"column":64}}},"16":{"name":"(anonymous_16)","line":60,"loc":{"start":{"line":60,"column":61},"end":{"line":60,"column":72}}},"17":{"name":"(anonymous_17)","line":65,"loc":{"start":{"line":65,"column":63},"end":{"line":65,"column":74}}},"18":{"name":"(anonymous_18)","line":70,"loc":{"start":{"line":70,"column":41},"end":{"line":70,"column":52}}},"19":{"name":"(anonymous_19)","line":76,"loc":{"start":{"line":76,"column":24},"end":{"line":76,"column":35}}},"20":{"name":"(anonymous_20)","line":77,"loc":{"start":{"line":77,"column":60},"end":{"line":77,"column":71}}},"21":{"name":"(anonymous_21)","line":83,"loc":{"start":{"line":83,"column":27},"end":{"line":83,"column":38}}},"22":{"name":"(anonymous_22)","line":85,"loc":{"start":{"line":85,"column":43},"end":{"line":85,"column":54}}},"23":{"name":"(anonymous_23)","line":88,"loc":{"start":{"line":88,"column":47},"end":{"line":88,"column":66}}},"24":{"name":"(anonymous_24)","line":92,"loc":{"start":{"line":92,"column":16},"end":{"line":92,"column":28}}},"25":{"name":"(anonymous_25)","line":97,"loc":{"start":{"line":97,"column":33},"end":{"line":97,"column":48}}},"26":{"name":"(anonymous_26)","line":100,"loc":{"start":{"line":100,"column":27},"end":{"line":100,"column":42}}},"27":{"name":"(anonymous_27)","line":103,"loc":{"start":{"line":103,"column":26},"end":{"line":103,"column":41}}},"28":{"name":"(anonymous_28)","line":113,"loc":{"start":{"line":113,"column":22},"end":{"line":113,"column":33}}},"29":{"name":"(anonymous_29)","line":114,"loc":{"start":{"line":114,"column":44},"end":{"line":114,"column":55}}},"30":{"name":"(anonymous_30)","line":119,"loc":{"start":{"line":119,"column":53},"end":{"line":119,"column":64}}},"31":{"name":"(anonymous_31)","line":124,"loc":{"start":{"line":124,"column":61},"end":{"line":124,"column":72}}},"32":{"name":"(anonymous_32)","line":129,"loc":{"start":{"line":129,"column":63},"end":{"line":129,"column":74}}},"33":{"name":"(anonymous_33)","line":134,"loc":{"start":{"line":134,"column":41},"end":{"line":134,"column":52}}},"34":{"name":"(anonymous_34)","line":139,"loc":{"start":{"line":139,"column":24},"end":{"line":139,"column":35}}},"35":{"name":"(anonymous_35)","line":140,"loc":{"start":{"line":140,"column":60},"end":{"line":140,"column":71}}},"36":{"name":"(anonymous_36)","line":146,"loc":{"start":{"line":146,"column":27},"end":{"line":146,"column":38}}},"37":{"name":"(anonymous_37)","line":148,"loc":{"start":{"line":148,"column":43},"end":{"line":148,"column":54}}},"38":{"name":"(anonymous_38)","line":151,"loc":{"start":{"line":151,"column":47},"end":{"line":151,"column":66}}},"39":{"name":"(anonymous_39)","line":155,"loc":{"start":{"line":155,"column":16},"end":{"line":155,"column":28}}},"40":{"name":"(anonymous_40)","line":160,"loc":{"start":{"line":160,"column":33},"end":{"line":160,"column":48}}},"41":{"name":"(anonymous_41)","line":163,"loc":{"start":{"line":163,"column":27},"end":{"line":163,"column":42}}},"42":{"name":"(anonymous_42)","line":166,"loc":{"start":{"line":166,"column":26},"end":{"line":166,"column":41}}}},"statementMap":{"1":{"start":{"line":1,"column":0},"end":{"line":1,"column":24}},"2":{"start":{"line":2,"column":0},"end":{"line":2,"column":31}},"3":{"start":{"line":3,"column":0},"end":{"line":3,"column":40}},"4":{"start":{"line":5,"column":0},"end":{"line":175,"column":3}},"5":{"start":{"line":6,"column":2},"end":{"line":39,"column":5}},"6":{"start":{"line":7,"column":4},"end":{"line":9,"column":7}},"7":{"start":{"line":8,"column":6},"end":{"line":8,"column":54}},"8":{"start":{"line":10,"column":4},"end":{"line":12,"column":7}},"9":{"start":{"line":11,"column":6},"end":{"line":11,"column":50}},"10":{"start":{"line":13,"column":4},"end":{"line":26,"column":7}},"11":{"start":{"line":14,"column":6},"end":{"line":16,"column":9}},"12":{"start":{"line":15,"column":8},"end":{"line":15,"column":45}},"13":{"start":{"line":17,"column":6},"end":{"line":17,"column":58}},"14":{"start":{"line":18,"column":6},"end":{"line":18,"column":54}},"15":{"start":{"line":19,"column":6},"end":{"line":19,"column":40}},"16":{"start":{"line":20,"column":6},"end":{"line":22,"column":9}},"17":{"start":{"line":21,"column":8},"end":{"line":21,"column":54}},"18":{"start":{"line":23,"column":6},"end":{"line":23,"column":58}},"19":{"start":{"line":24,"column":6},"end":{"line":24,"column":63}},"20":{"start":{"line":25,"column":6},"end":{"line":25,"column":40}},"21":{"start":{"line":27,"column":4},"end":{"line":32,"column":7}},"22":{"start":{"line":28,"column":6},"end":{"line":28,"column":46}},"23":{"start":{"line":29,"column":6},"end":{"line":29,"column":48}},"24":{"start":{"line":30,"column":10},"end":{"line":30,"column":47}},"25":{"start":{"line":31,"column":10},"end":{"line":31,"column":44}},"26":{"start":{"line":33,"column":4},"end":{"line":35,"column":7}},"27":{"start":{"line":34,"column":6},"end":{"line":34,"column":56}},"28":{"start":{"line":34,"column":33},"end":{"line":34,"column":53}},"29":{"start":{"line":36,"column":4},"end":{"line":38,"column":7}},"30":{"start":{"line":37,"column":6},"end":{"line":37,"column":59}},"31":{"start":{"line":37,"column":33},"end":{"line":37,"column":56}},"32":{"start":{"line":46,"column":2},"end":{"line":111,"column":5}},"33":{"start":{"line":47,"column":4},"end":{"line":53,"column":7}},"34":{"start":{"line":48,"column":6},"end":{"line":48,"column":83}},"35":{"start":{"line":49,"column":6},"end":{"line":49,"column":79}},"36":{"start":{"line":50,"column":6},"end":{"line":50,"column":36}},"37":{"start":{"line":51,"column":6},"end":{"line":51,"column":80}},"38":{"start":{"line":52,"column":6},"end":{"line":52,"column":41}},"39":{"start":{"line":55,"column":4},"end":{"line":59,"column":7}},"40":{"start":{"line":56,"column":6},"end":{"line":56,"column":91}},"41":{"start":{"line":57,"column":6},"end":{"line":57,"column":80}},"42":{"start":{"line":58,"column":6},"end":{"line":58,"column":41}},"43":{"start":{"line":60,"column":4},"end":{"line":64,"column":7}},"44":{"start":{"line":61,"column":6},"end":{"line":61,"column":38}},"45":{"start":{"line":62,"column":6},"end":{"line":62,"column":42}},"46":{"start":{"line":63,"column":6},"end":{"line":63,"column":41}},"47":{"start":{"line":65,"column":4},"end":{"line":69,"column":7}},"48":{"start":{"line":66,"column":6},"end":{"line":66,"column":76}},"49":{"start":{"line":67,"column":6},"end":{"line":67,"column":80}},"50":{"start":{"line":68,"column":6},"end":{"line":68,"column":34}},"51":{"start":{"line":70,"column":4},"end":{"line":74,"column":7}},"52":{"start":{"line":71,"column":6},"end":{"line":71,"column":31}},"53":{"start":{"line":72,"column":6},"end":{"line":72,"column":42}},"54":{"start":{"line":73,"column":6},"end":{"line":73,"column":34}},"55":{"start":{"line":76,"column":4},"end":{"line":82,"column":7}},"56":{"start":{"line":77,"column":6},"end":{"line":81,"column":9}},"57":{"start":{"line":78,"column":8},"end":{"line":78,"column":33}},"58":{"start":{"line":79,"column":8},"end":{"line":79,"column":77}},"59":{"start":{"line":80,"column":8},"end":{"line":80,"column":41}},"60":{"start":{"line":83,"column":4},"end":{"line":110,"column":7}},"61":{"start":{"line":84,"column":6},"end":{"line":84,"column":40}},"62":{"start":{"line":85,"column":6},"end":{"line":87,"column":9}},"63":{"start":{"line":86,"column":8},"end":{"line":86,"column":52}},"64":{"start":{"line":88,"column":6},"end":{"line":109,"column":9}},"65":{"start":{"line":89,"column":8},"end":{"line":89,"column":23}},"66":{"start":{"line":90,"column":8},"end":{"line":90,"column":22}},"67":{"start":{"line":91,"column":8},"end":{"line":96,"column":11}},"68":{"start":{"line":93,"column":12},"end":{"line":93,"column":78}},"69":{"start":{"line":94,"column":12},"end":{"line":94,"column":28}},"70":{"start":{"line":97,"column":8},"end":{"line":99,"column":11}},"71":{"start":{"line":98,"column":10},"end":{"line":98,"column":28}},"72":{"start":{"line":100,"column":8},"end":{"line":102,"column":11}},"73":{"start":{"line":101,"column":10},"end":{"line":101,"column":23}},"74":{"start":{"line":103,"column":8},"end":{"line":107,"column":11}},"75":{"start":{"line":104,"column":10},"end":{"line":104,"column":69}},"76":{"start":{"line":105,"column":10},"end":{"line":105,"column":34}},"77":{"start":{"line":106,"column":10},"end":{"line":106,"column":21}},"78":{"start":{"line":108,"column":8},"end":{"line":108,"column":31}},"79":{"start":{"line":113,"column":2},"end":{"line":174,"column":5}},"80":{"start":{"line":114,"column":4},"end":{"line":118,"column":7}},"81":{"start":{"line":115,"column":6},"end":{"line":115,"column":86}},"82":{"start":{"line":116,"column":6},"end":{"line":116,"column":80}},"83":{"start":{"line":117,"column":6},"end":{"line":117,"column":41}},"84":{"start":{"line":119,"column":4},"end":{"line":123,"column":7}},"85":{"start":{"line":120,"column":6},"end":{"line":120,"column":92}},"86":{"start":{"line":121,"column":6},"end":{"line":121,"column":80}},"87":{"start":{"line":122,"column":6},"end":{"line":122,"column":41}},"88":{"start":{"line":124,"column":4},"end":{"line":128,"column":7}},"89":{"start":{"line":125,"column":6},"end":{"line":125,"column":38}},"90":{"start":{"line":126,"column":6},"end":{"line":126,"column":42}},"91":{"start":{"line":127,"column":6},"end":{"line":127,"column":41}},"92":{"start":{"line":129,"column":4},"end":{"line":133,"column":7}},"93":{"start":{"line":130,"column":6},"end":{"line":130,"column":79}},"94":{"start":{"line":131,"column":6},"end":{"line":131,"column":80}},"95":{"start":{"line":132,"column":6},"end":{"line":132,"column":34}},"96":{"start":{"line":134,"column":4},"end":{"line":138,"column":7}},"97":{"start":{"line":135,"column":6},"end":{"line":135,"column":31}},"98":{"start":{"line":136,"column":6},"end":{"line":136,"column":42}},"99":{"start":{"line":137,"column":6},"end":{"line":137,"column":34}},"100":{"start":{"line":139,"column":4},"end":{"line":145,"column":7}},"101":{"start":{"line":140,"column":6},"end":{"line":144,"column":9}},"102":{"start":{"line":141,"column":8},"end":{"line":141,"column":34}},"103":{"start":{"line":142,"column":8},"end":{"line":142,"column":80}},"104":{"start":{"line":143,"column":8},"end":{"line":143,"column":41}},"105":{"start":{"line":146,"column":4},"end":{"line":173,"column":7}},"106":{"start":{"line":147,"column":6},"end":{"line":147,"column":40}},"107":{"start":{"line":148,"column":6},"end":{"line":150,"column":9}},"108":{"start":{"line":149,"column":8},"end":{"line":149,"column":52}},"109":{"start":{"line":151,"column":6},"end":{"line":172,"column":9}},"110":{"start":{"line":152,"column":8},"end":{"line":152,"column":23}},"111":{"start":{"line":153,"column":8},"end":{"line":153,"column":22}},"112":{"start":{"line":154,"column":8},"end":{"line":159,"column":11}},"113":{"start":{"line":156,"column":12},"end":{"line":156,"column":81}},"114":{"start":{"line":157,"column":12},"end":{"line":157,"column":28}},"115":{"start":{"line":160,"column":8},"end":{"line":162,"column":11}},"116":{"start":{"line":161,"column":10},"end":{"line":161,"column":28}},"117":{"start":{"line":163,"column":8},"end":{"line":165,"column":11}},"118":{"start":{"line":164,"column":10},"end":{"line":164,"column":23}},"119":{"start":{"line":166,"column":8},"end":{"line":170,"column":11}},"120":{"start":{"line":167,"column":10},"end":{"line":167,"column":79}},"121":{"start":{"line":168,"column":10},"end":{"line":168,"column":44}},"122":{"start":{"line":169,"column":10},"end":{"line":169,"column":21}},"123":{"start":{"line":171,"column":8},"end":{"line":171,"column":31}}},"branchMap":{}},"/Users/axdg/Desktop/dsfm/index.js":{"path":"/Users/axdg/Desktop/dsfm/index.js","s":{"1":1,"2":1,"3":1,"4":9,"5":0,"6":9,"7":9,"8":1,"9":8,"10":8,"11":1,"12":7,"13":5,"14":2,"15":0,"16":7,"17":7,"18":7,"19":16,"20":16,"21":4,"22":12,"23":12,"24":0,"25":12,"26":12,"27":12,"28":7,"29":2,"30":2,"31":2,"32":2,"33":2,"34":2,"35":2,"36":2,"37":2,"38":2,"39":2,"40":2,"41":0,"42":0,"43":0,"44":0,"45":0,"46":2,"47":0,"48":2,"49":7,"50":4,"51":7,"52":1,"53":14,"54":1,"55":1,"56":1,"57":1,"58":1,"59":1,"60":1,"61":4},"b":{"1":[0,9],"2":[9,4],"3":[1,8],"4":[1,7],"5":[8,6],"6":[5,2],"7":[0,2],"8":[7,5],"9":[4,12],"10":[0,12],"11":[2,0],"12":[2,0],"13":[0,0],"14":[0,0],"15":[0,2],"16":[4,2]},"f":{"1":9,"2":16,"3":2,"4":2,"5":2,"6":4,"7":14,"8":1,"9":4},"fnMap":{"1":{"name":"Parser","line":17,"loc":{"start":{"line":17,"column":0},"end":{"line":17,"column":28}}},"2":{"name":"(anonymous_2)","line":49,"loc":{"start":{"line":49,"column":10},"end":{"line":49,"column":24}}},"3":{"name":"(anonymous_3)","line":83,"loc":{"start":{"line":83,"column":18},"end":{"line":83,"column":29}}},"4":{"name":"(anonymous_4)","line":93,"loc":{"start":{"line":93,"column":17},"end":{"line":93,"column":49}}},"5":{"name":"(anonymous_5)","line":122,"loc":{"start":{"line":122,"column":13},"end":{"line":122,"column":28}}},"6":{"name":"(anonymous_6)","line":141,"loc":{"start":{"line":141,"column":15},"end":{"line":141,"column":29}}},"7":{"name":"escape","line":154,"loc":{"start":{"line":154,"column":0},"end":{"line":154,"column":21}}},"8":{"name":"noop","line":165,"loc":{"start":{"line":165,"column":0},"end":{"line":165,"column":19}}},"9":{"name":"(anonymous_9)","line":179,"loc":{"start":{"line":179,"column":49},"end":{"line":179,"column":63}}}},"statementMap":{"1":{"start":{"line":4,"column":0},"end":{"line":4,"column":40}},"2":{"start":{"line":5,"column":0},"end":{"line":5,"column":30}},"3":{"start":{"line":17,"column":0},"end":{"line":146,"column":1}},"4":{"start":{"line":18,"column":2},"end":{"line":20,"column":3}},"5":{"start":{"line":19,"column":4},"end":{"line":19,"column":33}},"6":{"start":{"line":23,"column":2},"end":{"line":23,"column":18}},"7":{"start":{"line":24,"column":2},"end":{"line":26,"column":3}},"8":{"start":{"line":25,"column":4},"end":{"line":25,"column":49}},"9":{"start":{"line":29,"column":2},"end":{"line":29,"column":34}},"10":{"start":{"line":30,"column":2},"end":{"line":36,"column":3}},"11":{"start":{"line":31,"column":4},"end":{"line":31,"column":60}},"12":{"start":{"line":32,"column":9},"end":{"line":36,"column":3}},"13":{"start":{"line":33,"column":4},"end":{"line":33,"column":22}},"14":{"start":{"line":34,"column":9},"end":{"line":36,"column":3}},"15":{"start":{"line":35,"column":4},"end":{"line":35,"column":55}},"16":{"start":{"line":39,"column":2},"end":{"line":39,"column":66}},"17":{"start":{"line":40,"column":2},"end":{"line":40,"column":73}},"18":{"start":{"line":49,"column":2},"end":{"line":72,"column":3}},"19":{"start":{"line":51,"column":4},"end":{"line":54,"column":5}},"20":{"start":{"line":56,"column":4},"end":{"line":58,"column":5}},"21":{"start":{"line":57,"column":6},"end":{"line":57,"column":17}},"22":{"start":{"line":60,"column":4},"end":{"line":60,"column":28}},"23":{"start":{"line":62,"column":4},"end":{"line":64,"column":5}},"24":{"start":{"line":63,"column":6},"end":{"line":63,"column":17}},"25":{"start":{"line":67,"column":4},"end":{"line":67,"column":63}},"26":{"start":{"line":70,"column":4},"end":{"line":70,"column":57}},"27":{"start":{"line":71,"column":4},"end":{"line":71,"column":15}},"28":{"start":{"line":83,"column":2},"end":{"line":132,"column":4}},"29":{"start":{"line":84,"column":4},"end":{"line":84,"column":20}},"30":{"start":{"line":85,"column":4},"end":{"line":85,"column":18}},"31":{"start":{"line":86,"column":4},"end":{"line":86,"column":23}},"32":{"start":{"line":92,"column":4},"end":{"line":131,"column":7}},"33":{"start":{"line":94,"column":8},"end":{"line":120,"column":9}},"34":{"start":{"line":95,"column":10},"end":{"line":95,"column":32}},"35":{"start":{"line":96,"column":10},"end":{"line":109,"column":11}},"36":{"start":{"line":97,"column":12},"end":{"line":97,"column":35}},"37":{"start":{"line":102,"column":12},"end":{"line":106,"column":13}},"38":{"start":{"line":103,"column":14},"end":{"line":103,"column":31}},"39":{"start":{"line":104,"column":14},"end":{"line":104,"column":56}},"40":{"start":{"line":105,"column":14},"end":{"line":105,"column":44}},"41":{"start":{"line":108,"column":12},"end":{"line":108,"column":22}},"42":{"start":{"line":114,"column":10},"end":{"line":117,"column":11}},"43":{"start":{"line":115,"column":12},"end":{"line":115,"column":29}},"44":{"start":{"line":116,"column":12},"end":{"line":116,"column":29}},"45":{"start":{"line":119,"column":10},"end":{"line":119,"column":28}},"46":{"start":{"line":126,"column":8},"end":{"line":128,"column":9}},"47":{"start":{"line":127,"column":10},"end":{"line":127,"column":26}},"48":{"start":{"line":129,"column":8},"end":{"line":129,"column":15}},"49":{"start":{"line":141,"column":2},"end":{"line":143,"column":3}},"50":{"start":{"line":142,"column":4},"end":{"line":142,"column":38}},"51":{"start":{"line":145,"column":2},"end":{"line":145,"column":15}},"52":{"start":{"line":154,"column":0},"end":{"line":156,"column":1}},"53":{"start":{"line":155,"column":2},"end":{"line":155,"column":52}},"54":{"start":{"line":165,"column":0},"end":{"line":167,"column":1}},"55":{"start":{"line":166,"column":2},"end":{"line":166,"column":13}},"56":{"start":{"line":169,"column":0},"end":{"line":169,"column":42}},"57":{"start":{"line":172,"column":0},"end":{"line":172,"column":20}},"58":{"start":{"line":175,"column":0},"end":{"line":175,"column":31}},"59":{"start":{"line":178,"column":0},"end":{"line":178,"column":25}},"60":{"start":{"line":179,"column":0},"end":{"line":181,"column":3}},"61":{"start":{"line":180,"column":2},"end":{"line":180,"column":37}}},"branchMap":{"1":{"line":18,"type":"if","locations":[{"start":{"line":18,"column":2},"end":{"line":18,"column":2}},{"start":{"line":18,"column":2},"end":{"line":18,"column":2}}]},"2":{"line":23,"type":"binary-expr","locations":[{"start":{"line":23,"column":7},"end":{"line":23,"column":9}},{"start":{"line":23,"column":13},"end":{"line":23,"column":17}}]},"3":{"line":24,"type":"if","locations":[{"start":{"line":24,"column":2},"end":{"line":24,"column":2}},{"start":{"line":24,"column":2},"end":{"line":24,"column":2}}]},"4":{"line":30,"type":"if","locations":[{"start":{"line":30,"column":2},"end":{"line":30,"column":2}},{"start":{"line":30,"column":2},"end":{"line":30,"column":2}}]},"5":{"line":30,"type":"binary-expr","locations":[{"start":{"line":30,"column":5},"end":{"line":30,"column":9}},{"start":{"line":30,"column":13},"end":{"line":30,"column":39}}]},"6":{"line":32,"type":"if","locations":[{"start":{"line":32,"column":9},"end":{"line":32,"column":9}},{"start":{"line":32,"column":9},"end":{"line":32,"column":9}}]},"7":{"line":34,"type":"if","locations":[{"start":{"line":34,"column":9},"end":{"line":34,"column":9}},{"start":{"line":34,"column":9},"end":{"line":34,"column":9}}]},"8":{"line":40,"type":"binary-expr","locations":[{"start":{"line":40,"column":36},"end":{"line":40,"column":45}},{"start":{"line":40,"column":49},"end":{"line":40,"column":58}}]},"9":{"line":56,"type":"if","locations":[{"start":{"line":56,"column":4},"end":{"line":56,"column":4}},{"start":{"line":56,"column":4},"end":{"line":56,"column":4}}]},"10":{"line":62,"type":"if","locations":[{"start":{"line":62,"column":4},"end":{"line":62,"column":4}},{"start":{"line":62,"column":4},"end":{"line":62,"column":4}}]},"11":{"line":94,"type":"if","locations":[{"start":{"line":94,"column":8},"end":{"line":94,"column":8}},{"start":{"line":94,"column":8},"end":{"line":94,"column":8}}]},"12":{"line":102,"type":"if","locations":[{"start":{"line":102,"column":12},"end":{"line":102,"column":12}},{"start":{"line":102,"column":12},"end":{"line":102,"column":12}}]},"13":{"line":114,"type":"if","locations":[{"start":{"line":114,"column":10},"end":{"line":114,"column":10}},{"start":{"line":114,"column":10},"end":{"line":114,"column":10}}]},"14":{"line":114,"type":"binary-expr","locations":[{"start":{"line":114,"column":13},"end":{"line":114,"column":28}},{"start":{"line":114,"column":32},"end":{"line":114,"column":45}}]},"15":{"line":126,"type":"if","locations":[{"start":{"line":126,"column":8},"end":{"line":126,"column":8}},{"start":{"line":126,"column":8},"end":{"line":126,"column":8}}]},"16":{"line":142,"type":"binary-expr","locations":[{"start":{"line":142,"column":11},"end":{"line":142,"column":22}},{"start":{"line":142,"column":26},"end":{"line":142,"column":37}}]}}}}