TN:
SF:/Users/axdg/Desktop/dsfm/test.js
FN:5,(anonymous_1)
FN:6,(anonymous_2)
FN:7,(anonymous_3)
FN:10,(anonymous_4)
FN:13,(anonymous_5)
FN:14,(anonymous_6)
FN:20,(anonymous_7)
FN:27,(anonymous_8)
FN:33,(anonymous_9)
FN:34,(anonymous_10)
FN:36,(anonymous_11)
FN:37,(anonymous_12)
FN:46,(anonymous_13)
FN:47,(anonymous_14)
FN:55,(anonymous_15)
FN:60,(anonymous_16)
FN:65,(anonymous_17)
FN:70,(anonymous_18)
FN:76,(anonymous_19)
FN:77,(anonymous_20)
FN:83,(anonymous_21)
FN:85,(anonymous_22)
FN:88,(anonymous_23)
FN:92,(anonymous_24)
FN:97,(anonymous_25)
FN:100,(anonymous_26)
FN:103,(anonymous_27)
FN:113,(anonymous_28)
FN:114,(anonymous_29)
FN:119,(anonymous_30)
FN:124,(anonymous_31)
FN:129,(anonymous_32)
FN:134,(anonymous_33)
FN:139,(anonymous_34)
FN:140,(anonymous_35)
FN:146,(anonymous_36)
FN:148,(anonymous_37)
FN:151,(anonymous_38)
FN:155,(anonymous_39)
FN:160,(anonymous_40)
FN:163,(anonymous_41)
FN:166,(anonymous_42)
FNF:42
FNH:42
FNDA:1,(anonymous_1)
FNDA:1,(anonymous_2)
FNDA:1,(anonymous_3)
FNDA:1,(anonymous_4)
FNDA:1,(anonymous_5)
FNDA:1,(anonymous_6)
FNDA:1,(anonymous_7)
FNDA:1,(anonymous_8)
FNDA:1,(anonymous_9)
FNDA:1,(anonymous_10)
FNDA:1,(anonymous_11)
FNDA:1,(anonymous_12)
FNDA:1,(anonymous_13)
FNDA:1,(anonymous_14)
FNDA:1,(anonymous_15)
FNDA:1,(anonymous_16)
FNDA:1,(anonymous_17)
FNDA:1,(anonymous_18)
FNDA:1,(anonymous_19)
FNDA:1,(anonymous_20)
FNDA:1,(anonymous_21)
FNDA:1,(anonymous_22)
FNDA:1,(anonymous_23)
FNDA:1,(anonymous_24)
FNDA:1,(anonymous_25)
FNDA:1,(anonymous_26)
FNDA:1,(anonymous_27)
FNDA:1,(anonymous_28)
FNDA:1,(anonymous_29)
FNDA:1,(anonymous_30)
FNDA:1,(anonymous_31)
FNDA:1,(anonymous_32)
FNDA:1,(anonymous_33)
FNDA:1,(anonymous_34)
FNDA:1,(anonymous_35)
FNDA:1,(anonymous_36)
FNDA:1,(anonymous_37)
FNDA:1,(anonymous_38)
FNDA:1,(anonymous_39)
FNDA:1,(anonymous_40)
FNDA:1,(anonymous_41)
FNDA:1,(anonymous_42)
DA:1,1
DA:2,1
DA:3,1
DA:5,1
DA:6,1
DA:7,1
DA:8,1
DA:10,1
DA:11,1
DA:13,1
DA:14,1
DA:15,1
DA:17,1
DA:18,1
DA:19,1
DA:20,1
DA:21,1
DA:23,1
DA:24,1
DA:25,1
DA:27,1
DA:28,1
DA:29,1
DA:30,1
DA:31,1
DA:33,1
DA:34,1
DA:36,1
DA:37,1
DA:46,1
DA:47,1
DA:48,1
DA:49,1
DA:50,1
DA:51,1
DA:52,1
DA:55,1
DA:56,1
DA:57,1
DA:58,1
DA:60,1
DA:61,1
DA:62,1
DA:63,1
DA:65,1
DA:66,1
DA:67,1
DA:68,1
DA:70,1
DA:71,1
DA:72,1
DA:73,1
DA:76,1
DA:77,1
DA:78,1
DA:79,1
DA:80,1
DA:83,1
DA:84,1
DA:85,1
DA:86,1
DA:88,1
DA:89,1
DA:90,1
DA:91,1
DA:93,1
DA:94,1
DA:97,1
DA:98,1
DA:100,1
DA:101,1
DA:103,1
DA:104,1
DA:105,1
DA:106,1
DA:108,1
DA:113,1
DA:114,1
DA:115,1
DA:116,1
DA:117,1
DA:119,1
DA:120,1
DA:121,1
DA:122,1
DA:124,1
DA:125,1
DA:126,1
DA:127,1
DA:129,1
DA:130,1
DA:131,1
DA:132,1
DA:134,1
DA:135,1
DA:136,1
DA:137,1
DA:139,1
DA:140,1
DA:141,1
DA:142,1
DA:143,1
DA:146,1
DA:147,1
DA:148,1
DA:149,1
DA:151,1
DA:152,1
DA:153,1
DA:154,1
DA:156,1
DA:157,1
DA:160,1
DA:161,1
DA:163,1
DA:164,1
DA:166,1
DA:167,1
DA:168,1
DA:169,1
DA:171,1
LF:121
LH:121
BRF:0
BRH:0
end_of_record
TN:
SF:/Users/axdg/Desktop/dsfm/index.js
FN:17,Parser
FN:49,(anonymous_2)
FN:83,(anonymous_3)
FN:93,(anonymous_4)
FN:122,(anonymous_5)
FN:141,(anonymous_6)
FN:154,escape
FN:165,noop
FN:179,(anonymous_9)
FNF:9
FNH:9
FNDA:9,Parser
FNDA:16,(anonymous_2)
FNDA:2,(anonymous_3)
FNDA:2,(anonymous_4)
FNDA:2,(anonymous_5)
FNDA:4,(anonymous_6)
FNDA:14,escape
FNDA:1,noop
FNDA:4,(anonymous_9)
DA:4,1
DA:5,1
DA:17,1
DA:18,9
DA:19,0
DA:23,9
DA:24,9
DA:25,1
DA:29,8
DA:30,8
DA:31,1
DA:32,7
DA:33,5
DA:34,2
DA:35,0
DA:39,7
DA:40,7
DA:49,7
DA:51,16
DA:56,16
DA:57,4
DA:60,12
DA:62,12
DA:63,0
DA:67,12
DA:70,12
DA:71,12
DA:83,7
DA:84,2
DA:85,2
DA:86,2
DA:92,2
DA:94,2
DA:95,2
DA:96,2
DA:97,2
DA:102,2
DA:103,2
DA:104,2
DA:105,2
DA:108,0
DA:114,0
DA:115,0
DA:116,0
DA:119,0
DA:126,2
DA:127,0
DA:129,2
DA:141,7
DA:142,4
DA:145,7
DA:154,1
DA:155,14
DA:165,1
DA:166,1
DA:169,1
DA:172,1
DA:175,1
DA:178,1
DA:179,1
DA:180,4
LF:61
LH:52
BRDA:18,1,0,0
BRDA:18,1,1,9
BRDA:23,2,0,9
BRDA:23,2,1,4
BRDA:24,3,0,1
BRDA:24,3,1,8
BRDA:30,4,0,1
BRDA:30,4,1,7
BRDA:30,5,0,8
BRDA:30,5,1,6
BRDA:32,6,0,5
BRDA:32,6,1,2
BRDA:34,7,0,0
BRDA:34,7,1,2
BRDA:40,8,0,7
BRDA:40,8,1,5
BRDA:56,9,0,4
BRDA:56,9,1,12
BRDA:62,10,0,0
BRDA:62,10,1,12
BRDA:94,11,0,2
BRDA:94,11,1,0
BRDA:102,12,0,2
BRDA:102,12,1,0
BRDA:114,13,0,0
BRDA:114,13,1,0
BRDA:114,14,0,0
BRDA:114,14,1,0
BRDA:126,15,0,0
BRDA:126,15,1,2
BRDA:142,16,0,4
BRDA:142,16,1,2
BRF:32
BRH:22
end_of_record
